{
  "RSpec": {
    "coverage": {
      "/home/greg/rubymineProjects/city-spot/app/models/list_place.rb": {
        "lines": [
          1,
          1,
          1,
          null
        ]
      },
      "/home/greg/rubymineProjects/city-spot/app/models/application_record.rb": {
        "lines": [
          1,
          1,
          null
        ]
      },
      "/home/greg/rubymineProjects/city-spot/app/models/list.rb": {
        "lines": [
          1,
          1,
          1,
          1,
          null,
          1,
          null
        ]
      },
      "/home/greg/rubymineProjects/city-spot/app/models/place.rb": {
        "lines": [
          1,
          1,
          1,
          1,
          1,
          null,
          null,
          1,
          67,
          1,
          1,
          1,
          null,
          1,
          1,
          null,
          null,
          1,
          1,
          null,
          null,
          null,
          null,
          null,
          1,
          null,
          1,
          66,
          2,
          null,
          null,
          1,
          66,
          45,
          null,
          null,
          null
        ]
      },
      "/home/greg/rubymineProjects/city-spot/app/models/place_upload_token.rb": {
        "lines": [
          1,
          1,
          null,
          1,
          null,
          1,
          49,
          null,
          null,
          1,
          27,
          2,
          null,
          25,
          null,
          null,
          null,
          1,
          null,
          1,
          77,
          77,
          null,
          null,
          1,
          77,
          null,
          null,
          1,
          77,
          null,
          null,
          null
        ]
      },
      "/home/greg/rubymineProjects/city-spot/app/models/user.rb": {
        "lines": [
          1,
          1,
          1,
          null,
          1,
          1,
          null,
          1
        ]
      },
      "/home/greg/rubymineProjects/city-spot/app/controllers/uploads_controller.rb": {
        "lines": [
          1,
          null,
          1,
          1,
          1,
          1,
          1,
          13,
          null,
          null,
          null,
          null,
          null,
          null,
          13,
          null,
          null,
          null,
          null,
          null,
          null,
          null,
          null,
          null,
          null,
          1,
          null,
          1,
          21,
          21,
          1,
          null,
          20,
          20,
          2,
          null,
          18,
          null,
          18,
          null,
          null,
          1,
          14,
          null,
          null,
          1,
          17,
          null,
          null,
          1,
          18,
          null,
          null
        ]
      },
      "/home/greg/rubymineProjects/city-spot/app/controllers/application_controller.rb": {
        "lines": [
          1,
          null,
          1,
          null,
          1,
          null,
          1,
          52,
          null,
          null,
          1,
          1,
          60,
          null,
          null
        ]
      },
      "/home/greg/rubymineProjects/city-spot/app/controllers/places_controller.rb": {
        "lines": [
          1,
          null,
          1,
          null,
          null,
          null,
          1,
          24,
          24,
          24,
          null,
          null,
          1,
          10,
          10,
          null,
          10,
          0,
          null,
          10,
          10,
          10,
          10,
          null,
          null,
          null,
          null,
          null,
          null,
          null,
          null,
          null,
          1,
          null,
          1,
          10,
          null
        ]
      }
    },
    "timestamp": 1760194410
  }
}
